import time: self [us] | cumulative | imported package
import time:      1507 |       1507 |   _io
import time:       271 |        271 |   marshal
import time:      1853 |       1853 |   posix
import time:      2009 |       5639 | _frozen_importlib_external
import time:       630 |        630 |   time
import time:       658 |       1288 | zipimport
import time:       332 |        332 |     _codecs
import time:      1723 |       2055 |   codecs
import time:      2943 |       2943 |   encodings.aliases
import time:      3304 |       8301 | encodings
import time:      1233 |       1233 | encodings.utf_8
import time:       879 |        879 | _signal
import time:       207 |        207 |     _abc
import time:       754 |        961 |   abc
import time:       977 |       1937 | io
import time:       253 |        253 |       _stat
import time:       388 |        640 |     stat
import time:      5157 |       5157 |     _collections_abc
import time:       400 |        400 |       genericpath
import time:       560 |        960 |     posixpath
import time:      1895 |       8649 |   os
import time:       302 |        302 |   _sitebuiltins
import time:      1205 |       1205 |     apport_python_hook
import time:       587 |       1791 |   sitecustomize
import time:      2161 |      12902 | site
import time:       775 |        775 |   Inventory_Management_System
import time:       719 |        719 |           django.utils
import time:       692 |        692 |             _datetime
import time:       712 |       1404 |           datetime
import time:       650 |        650 |               itertools
import time:       762 |        762 |               keyword
import time:       528 |        528 |                 _operator
import time:      1516 |       2044 |               operator
import time:      1266 |       1266 |               reprlib
import time:       453 |        453 |               _collections
import time:      5517 |      10690 |             collections
import time:      1822 |       1822 |             types
import time:       385 |        385 |             _functools
import time:      3241 |      16136 |           functools
import time:       294 |        294 |             errno
import time:      5643 |       5643 |                 enum
import time:       680 |        680 |                   _sre
import time:      1279 |       1279 |                     re._constants
import time:      1751 |       3029 |                   re._parser
import time:       707 |        707 |                   re._casefix
import time:      1744 |       6159 |                 re._compiler
import time:       740 |        740 |                 copyreg
import time:      2426 |      14965 |               re
import time:       367 |        367 |               _locale
import time:      5467 |      20798 |             locale
import time:      2527 |       2527 |             signal
import time:      1027 |       1027 |               _weakrefset
import time:      3291 |       4318 |             threading
import time:      1399 |       1399 |             warnings
import time:      2942 |       2942 |             contextlib
import time:       343 |        343 |             fcntl
import time:       391 |        391 |             msvcrt
import time:       147 |        147 |             _posixsubprocess
import time:       272 |        272 |             select
import time:      4212 |       4212 |               collections.abc
import time:       354 |        354 |               math
import time:      2995 |       7559 |             selectors
import time:      3883 |      44866 |           subprocess
import time:      2357 |       2357 |                 weakref
import time:       982 |       3338 |               copy
import time:      1464 |       4802 |             django.utils.functional
import time:      1214 |       6016 |           django.utils.regex_helper
import time:      1484 |      70622 |         django.utils.version
import time:       718 |      71340 |       django
import time:       660 |      71999 |     django.core
import time:       486 |        486 |       django.core.handlers
import time:       909 |        909 |         importlib
import time:      1211 |       1211 |               token
import time:       242 |        242 |               _tokenize
import time:      3847 |       5299 |             tokenize
import time:       783 |       6081 |           linecache
import time:      6831 |       6831 |           textwrap
import time:      3291 |      16203 |         traceback
import time:       808 |        808 |           fnmatch
import time:       739 |        739 |             urllib
import time:      8073 |       8073 |             ipaddress
import time:      5729 |      14541 |           urllib.parse
import time:       590 |        590 |             _winapi
import time:       468 |        468 |             nt
import time:       309 |        309 |             nt
import time:       230 |        230 |             nt
import time:       212 |        212 |             nt
import time:       301 |        301 |             nt
import time:       409 |        409 |             nt
import time:       785 |       3300 |           ntpath
import time:      4540 |      23187 |         pathlib
import time:      2254 |       2254 |         django.conf.global_settings
import time:       859 |        859 |           django.utils.hashable
import time:      3059 |       3918 |         django.core.exceptions
import time:      4777 |       4777 |               _ast
import time:      5628 |      10405 |             ast
import time:       125 |        125 |                 _opcode
import time:      1352 |       1477 |               opcode
import time:      2554 |       4031 |             dis
import time:       174 |        174 |             importlib.machinery
import time:      8233 |      22840 |           inspect
import time:       438 |        438 |             asgiref
import time:       397 |        397 |                   concurrent
import time:       134 |        134 |                         _string
import time:      1662 |       1796 |                       string
import time:       113 |        113 |                       atexit
import time:      4280 |       6188 |                     logging
import time:      1442 |       7629 |                   concurrent.futures._base
import time:       579 |       8604 |                 concurrent.futures
import time:        84 |         84 |                   _heapq
import time:       559 |        643 |                 heapq
import time:       415 |        415 |                   _socket
import time:       193 |        193 |                   array
import time:      3555 |       4163 |                 socket
import time:      4114 |       4114 |                   _ssl
import time:       235 |        235 |                       _struct
import time:       573 |        807 |                     struct
import time:       209 |        209 |                     binascii
import time:       822 |       1837 |                   base64
import time:      9483 |      15433 |                 ssl
import time:       619 |        619 |                 asyncio.constants
import time:       328 |        328 |                 asyncio.coroutines
import time:       281 |        281 |                     _contextvars
import time:       279 |        560 |                   contextvars
import time:       406 |        406 |                   asyncio.format_helpers
import time:       299 |        299 |                     asyncio.base_futures
import time:       437 |        437 |                     asyncio.exceptions
import time:       292 |        292 |                     asyncio.base_tasks
import time:       669 |       1695 |                   _asyncio
import time:      1383 |       4043 |                 asyncio.events
import time:       616 |        616 |                 asyncio.futures
import time:       536 |        536 |                 asyncio.protocols
import time:      1084 |       1084 |                   asyncio.transports
import time:       399 |        399 |                   asyncio.log
import time:      2227 |       3709 |                 asyncio.sslproto
import time:        83 |         83 |                     _typing
import time:      5910 |       5993 |                   typing
import time:       289 |        289 |                     asyncio.mixins
import time:      1237 |       1526 |                   asyncio.locks
import time:       875 |        875 |                     asyncio.timeouts
import time:      1318 |       2192 |                   asyncio.tasks
import time:       962 |      10671 |                 asyncio.staggered
import time:       343 |        343 |                 asyncio.trsock
import time:      2490 |      52193 |               asyncio.base_events
import time:       667 |        667 |               asyncio.runners
import time:       617 |        617 |               asyncio.queues
import time:      1141 |       1141 |               asyncio.streams
import time:       689 |        689 |               asyncio.subprocess
import time:       730 |        730 |               asyncio.taskgroups
import time:       400 |        400 |               asyncio.threads
import time:       538 |        538 |                 asyncio.base_subprocess
import time:      1411 |       1411 |                 asyncio.selector_events
import time:      2024 |       3973 |               asyncio.unix_events
import time:       789 |      61195 |             asyncio
import time:       402 |        402 |                 _queue
import time:       567 |        968 |               queue
import time:       651 |       1618 |             concurrent.futures.thread
import time:       454 |        454 |             asgiref.current_thread_executor
import time:       354 |        354 |             asgiref.local
import time:      1980 |      66038 |           asgiref.sync
import time:      1261 |      90138 |         django.utils.deprecation
import time:      1713 |     138319 |       django.conf
import time:       287 |        287 |             django.utils.inspect
import time:       603 |        889 |           django.dispatch.dispatcher
import time:       242 |       1130 |         django.dispatch
import time:       275 |       1404 |       django.core.signals
import time:       343 |        343 |                 importlib._abc
import time:       279 |        621 |               importlib.util
import time:       764 |       1384 |             pkgutil
import time:       632 |        632 |             django.utils.connection
import time:       382 |        382 |             django.utils.module_loading
import time:       960 |       3358 |           django.db.utils
import time:       583 |       3940 |         django.db
import time:       690 |        690 |         django.db.transaction
import time:      2168 |       2168 |                   numbers
import time:      1370 |       3537 |                 _decimal
import time:       291 |       3828 |               decimal
import time:       458 |        458 |                   django.apps.config
import time:       689 |        689 |                   django.apps.registry
import time:       383 |       1529 |                 django.apps
import time:       551 |        551 |                 termios
import time:       223 |        223 |                 pywatchman
import time:      1194 |       3497 |               django.utils.autoreload
import time:      1080 |       8404 |             django.utils.translation
import time:      1672 |       1672 |                   http
import time:      2557 |       2557 |                   http.cookies
import time:       500 |       4727 |                 django.http.cookie
import time:       426 |        426 |                           _json
import time:       894 |       1319 |                         json.scanner
import time:      1017 |       2336 |                       json.decoder
import time:       949 |        949 |                       json.encoder
import time:       489 |       3773 |                     json
import time:       206 |        206 |                     zlib
import time:      2134 |       2134 |                         _hashlib
import time:       142 |        142 |                         _blake2
import time:       595 |       2870 |                       hashlib
import time:       529 |        529 |                       hmac
import time:       123 |        123 |                             _bisect
import time:       617 |        740 |                           bisect
import time:        75 |         75 |                           _random
import time:       100 |        100 |                           _sha2
import time:       854 |       1768 |                         random
import time:       363 |       2130 |                       secrets
import time:      1344 |       1344 |                       django.utils.encoding
import time:       478 |       7350 |                     django.utils.crypto
import time:      1171 |      12498 |                   django.core.signing
import time:       502 |        502 |                       django.core.files.utils
import time:       593 |       1095 |                     django.core.files.base
import time:       338 |       1432 |                   django.core.files
import time:       802 |        802 |                               _compression
import time:       633 |        633 |                               _bz2
import time:       874 |       2308 |                             bz2
import time:       654 |        654 |                               _lzma
import time:       631 |       1285 |                             lzma
import time:      2858 |       6450 |                           shutil
import time:      1392 |       7842 |                         tempfile
import time:       291 |       8132 |                       django.core.files.temp
import time:       613 |       8745 |                     django.core.files.uploadedfile
import time:       833 |       9577 |                   django.core.files.uploadhandler
import time:      2463 |       2463 |                       html.entities
import time:       907 |       3369 |                     html
import time:       728 |        728 |                     django.utils.datastructures
import time:       132 |        132 |                       unicodedata
import time:       401 |        401 |                         email
import time:      1677 |       1677 |                           calendar
import time:       767 |       2443 |                         email._parseaddr
import time:       264 |        264 |                           email.base64mime
import time:       819 |        819 |                           email.quoprimime
import time:      1342 |       1342 |                           email.errors
import time:       348 |        348 |                             quopri
import time:       352 |        700 |                           email.encoders
import time:       604 |       3727 |                         email.charset
import time:      1210 |       7779 |                       email.utils
import time:       535 |       8446 |                     django.utils.http
import time:      1211 |      13753 |                   django.http.multipartparser
import time:      1473 |      38731 |                 django.http.request
import time:       158 |        158 |                     _winapi
import time:       138 |        138 |                     winreg
import time:       850 |       1145 |                   mimetypes
import time:      1832 |       1832 |                   email.header
import time:      1076 |       1076 |                         email._policybase
import time:      1759 |       2835 |                       email.feedparser
import time:       674 |       3508 |                     email.parser
import time:       717 |        717 |                       email._encoded_words
import time:       286 |        286 |                       email.iterators
import time:      1244 |       2246 |                     email.message
import time:      2460 |       8213 |                   http.client
import time:       327 |        327 |                             django.db.models.utils
import time:       495 |        822 |                           django.db.models.signals
import time:       475 |        475 |                                   _wmi
import time:      1610 |       2085 |                                 platform
import time:       230 |        230 |                                 _uuid
import time:      1309 |       3623 |                               uuid
import time:      1497 |       1497 |                                                   django.template.context
import time:       589 |        589 |                                                       django.utils.dates
import time:       883 |        883 |                                                             sysconfig
import time:      1774 |       1774 |                                                             _sysconfigdata__x86_64-linux-gnu
import time:      1608 |       4264 |                                                           zoneinfo._tzpath
import time:       512 |        512 |                                                           zoneinfo._common
import time:       470 |        470 |                                                           _zoneinfo
import time:       467 |       5712 |                                                         zoneinfo
import time:       721 |       6433 |                                                       django.utils.timezone
import time:       966 |       7987 |                                                     django.utils.dateformat
import time:       589 |        589 |                                                       django.utils.safestring
import time:       351 |        940 |                                                     django.utils.numberformat
import time:      1174 |      10099 |                                                   django.utils.formats
import time:      1311 |       1311 |                                                       _markupbase
import time:      4039 |       5349 |                                                     html.parser
import time:      1376 |       1376 |                                                       gzip
import time:      3114 |       4490 |                                                     django.utils.text
import time:      2421 |      12258 |                                                   django.utils.html
import time:       472 |        472 |                                                   django.template.exceptions
import time:      2159 |      26484 |                                                 django.template.base
import time:       824 |        824 |                                                 django.template.library
import time:       686 |      27993 |                                               django.template.engine
import time:       434 |        434 |                                               django.template.utils
import time:       221 |        221 |                                                   django.template.backends
import time:       484 |        484 |                                                     django.core.checks.messages
import time:       392 |        392 |                                                     django.core.checks.registry
import time:       430 |        430 |                                                     django.core.checks.async_checks
import time:       305 |        305 |                                                           django.core.cache.backends
import time:       734 |       1038 |                                                         django.core.cache.backends.base
import time:       392 |       1430 |                                                       django.core.cache
import time:       680 |        680 |                                                         glob
import time:       787 |        787 |                                                           _compat_pickle
import time:      1612 |       1612 |                                                           _pickle
import time:      2564 |       4961 |                                                         pickle
import time:       406 |        406 |                                                         django.core.files.locks
import time:       325 |        325 |                                                         django.core.files.move
import time:       816 |       7187 |                                                       django.core.cache.backends.filebased
import time:       713 |       9329 |                                                     django.core.checks.caches
import time:       354 |        354 |                                                       django.core.checks.compatibility
import time:       593 |        946 |                                                     django.core.checks.compatibility.django_4_0
import time:       438 |        438 |                                                     django.core.checks.database
import time:       430 |        430 |                                                     django.core.checks.files
import time:       628 |        628 |                                                     django.core.checks.model_checks
import time:       257 |        257 |                                                       django.core.checks.security
import time:       990 |       1247 |                                                     django.core.checks.security.base
import time:       402 |        402 |                                                     django.core.checks.security.csrf
import time:       433 |        433 |                                                     django.core.checks.security.sessions
import time:       312 |        312 |                                                     django.core.checks.templates
import time:      1574 |       1574 |                                                         gettext
import time:       589 |        589 |                                                         django.conf.locale
import time:      1376 |       3538 |                                                       django.utils.translation.trans_real
import time:       656 |       4194 |                                                     django.core.checks.translation
import time:       894 |        894 |                                                     django.core.checks.urls
import time:       732 |      21282 |                                                   django.core.checks
import time:       418 |        418 |                                                     django.utils._os
import time:       491 |        909 |                                                   django.template.backends.base
import time:       703 |      23113 |                                                 django.template.backends.django
import time:       489 |      23601 |                                               django.template.autoreload
import time:       435 |      52461 |                                             django.template
import time:        48 |      52509 |                                           django.template.backends
import time:        53 |      52561 |                                         django.template.backends.django
import time:       439 |        439 |                                         django.template.loader
import time:       799 |      53799 |                                       django.forms.renderers
import time:      1478 |      55277 |                                     django.forms.utils
import time:       569 |        569 |                                       graphlib
import time:       335 |        335 |                                         django.templatetags
import time:       586 |        921 |                                       django.templatetags.static
import time:       585 |        585 |                                       django.utils.choices
import time:      3051 |       5123 |                                     django.forms.widgets
import time:       903 |      61302 |                                   django.forms.boundfield
import time:       449 |        449 |                                       django.utils.deconstruct
import time:       310 |        310 |                                       django.utils.ipv6
import time:      2350 |       3107 |                                     django.core.validators
import time:       411 |        411 |                                     django.utils.dateparse
import time:       335 |        335 |                                     django.utils.duration
import time:      2612 |       6464 |                                   django.forms.fields
import time:       821 |        821 |                                   django.forms.forms
import time:      1853 |       1853 |                                   django.forms.formsets
import time:      2030 |       2030 |                                   django.forms.models
import time:       752 |      73220 |                                 django.forms
import time:       942 |        942 |                                 django.db.models.constants
import time:       446 |        446 |                                   django.utils.tree
import time:      1107 |       1553 |                                 django.db.models.query_utils
import time:      4333 |      80046 |                               django.db.models.fields
import time:      1007 |       1007 |                               django.db.models.enums
import time:      5921 |      90595 |                             django.db.models.expressions
import time:       241 |        241 |                                           django.db.backends
import time:       341 |        582 |                                         django.db.backends.base
import time:       582 |        582 |                                             sqlparse.tokens
import time:       984 |        984 |                                             sqlparse.utils
import time:      2052 |       3617 |                                           sqlparse.sql
import time:      2263 |       2263 |                                             argparse
import time:       418 |        418 |                                             sqlparse.exceptions
import time:       522 |       3202 |                                           sqlparse.cli
import time:       706 |        706 |                                             sqlparse.engine.grouping
import time:      1232 |       1232 |                                                 sqlparse.keywords
import time:       367 |       1598 |                                               sqlparse.lexer
import time:       321 |        321 |                                               sqlparse.engine.statement_splitter
import time:       570 |        570 |                                                 sqlparse.filters.others
import time:       371 |        371 |                                                 sqlparse.filters.output
import time:       351 |        351 |                                                 sqlparse.filters.tokens
import time:       452 |        452 |                                                 sqlparse.filters.reindent
import time:       308 |        308 |                                                 sqlparse.filters.right_margin
import time:       457 |        457 |                                                 sqlparse.filters.aligned_indent
import time:       474 |       2980 |                                               sqlparse.filters
import time:       416 |       5314 |                                             sqlparse.engine.filter_stack
import time:       420 |       6439 |                                           sqlparse.engine
import time:       324 |        324 |                                           sqlparse.formatter
import time:       686 |      14266 |                                         sqlparse
import time:       566 |        566 |                                         django.db.backends.utils
import time:       913 |      16325 |                                       django.db.backends.base.operations
import time:      4557 |      20882 |                                     django.db.models.lookups
import time:       919 |        919 |                                     django.db.models.fields.mixins
import time:      4406 |      26206 |                                   django.db.models.fields.json
import time:       857 |      27063 |                                 django.db.models.functions.comparison
import time:      2450 |       2450 |                                 django.db.models.functions.datetime
import time:       498 |        498 |                                   django.db.models.functions.mixins
import time:      1550 |       2047 |                                 django.db.models.functions.math
import time:      1914 |       1914 |                                 django.db.models.functions.text
import time:       870 |        870 |                                 django.db.models.functions.window
import time:       557 |      34899 |                               django.db.models.functions
import time:        55 |      34954 |                             django.db.models.functions.comparison
import time:       834 |     126382 |                           django.db.models.aggregates
import time:      3232 |       3232 |                                   difflib
import time:      1521 |       1521 |                                   django.db.models.fields.related_lookups
import time:       682 |        682 |                                   django.db.models.sql.constants
import time:       987 |        987 |                                   django.db.models.sql.datastructures
import time:      1157 |       1157 |                                   django.db.models.sql.where
import time:      2985 |      10562 |                                 django.db.models.sql.query
import time:       668 |        668 |                                 django.db.models.sql.subqueries
import time:       356 |      11585 |                               django.db.models.sql
import time:       511 |      12095 |                             django.db.models.indexes
import time:      1160 |      13254 |                           django.db.models.constraints
import time:       813 |        813 |                           django.db.models.deletion
import time:       331 |        331 |                             django.core.files.images
import time:       500 |        500 |                               django.core.files.storage.base
import time:       262 |        262 |                                 django.core.files.storage.mixins
import time:       689 |        950 |                               django.core.files.storage.filesystem
import time:       486 |        486 |                               django.core.files.storage.handler
import time:       883 |        883 |                               django.core.files.storage.memory
import time:       498 |       3316 |                             django.core.files.storage
import time:      1061 |       4706 |                           django.db.models.fields.files
import time:       536 |        536 |                           django.db.models.fields.generated
import time:       318 |        318 |                           django.db.models.fields.proxy
import time:      3575 |       3575 |                             django.db.models.query
import time:      1403 |       4978 |                           django.db.models.manager
import time:      3968 |       3968 |                               django.db.models.fields.related_descriptors
import time:       705 |        705 |                               django.db.models.fields.reverse_related
import time:      1941 |       6613 |                             django.db.models.fields.related
import time:       898 |        898 |                             django.db.models.options
import time:      1989 |       9498 |                           django.db.models.base
import time:       738 |     162040 |                         django.db.models
import time:      1155 |     163195 |                       django.core.serializers.base
import time:       862 |     164056 |                     django.core.serializers
import time:       411 |        411 |                     django.core.serializers.python
import time:       512 |     164979 |                   django.core.serializers.json
import time:      1589 |     177756 |                 django.http.response
import time:       444 |     221657 |               django.http
import time:       388 |     222044 |             django.urls.exceptions
import time:       590 |        590 |               django.urls.converters
import time:       538 |        538 |               django.urls.utils
import time:      1822 |       2950 |             django.urls.resolvers
import time:      1108 |     234505 |           django.urls.base
import time:       701 |        701 |           django.urls.conf
import time:       484 |     235689 |         django.urls
import time:      2245 |       2245 |             logging.handlers
import time:      2478 |       2478 |             socketserver
import time:      4118 |       8840 |           logging.config
import time:      1599 |       1599 |               email.generator
import time:      8539 |       8539 |                 email._header_value_parser
import time:      2295 |      10833 |               email.headerregistry
import time:       669 |        669 |                 email.mime
import time:       723 |        723 |                   email.contentmanager
import time:      1006 |       1728 |                 email.policy
import time:       850 |       3247 |               email.mime.base
import time:       321 |        321 |                 email.mime.nonmultipart
import time:       447 |        768 |               email.mime.message
import time:       487 |        487 |               email.mime.multipart
import time:       482 |        482 |               email.mime.text
import time:       461 |        461 |               django.core.mail.utils
import time:      1669 |      19542 |             django.core.mail.message
import time:       641 |      20182 |           django.core.mail
import time:       642 |        642 |                   django.utils.termcolors
import time:       276 |        276 |                   colorama
import time:       879 |       1796 |                 django.core.management.color
import time:      1924 |       3719 |               django.core.management.base
import time:       908 |       4626 |             django.core.management
import time:        75 |       4701 |           django.core.management.color
import time:      1234 |      34956 |         django.utils.log
import time:       691 |        691 |                   django.template.response
import time:       551 |        551 |                   django.utils.decorators
import time:      1109 |       2351 |                 django.views.generic.base
import time:       694 |        694 |                   django.views.generic.detail
import time:      1308 |       1308 |                     django.core.paginator
import time:       907 |       2215 |                   django.views.generic.list
import time:      2528 |       5436 |                 django.views.generic.dates
import time:      1371 |       1371 |                 django.views.generic.edit
import time:       692 |       9848 |               django.views.generic
import time:        76 |       9923 |             django.views.generic.base
import time:       401 |      10324 |           django.views
import time:      2075 |       2075 |                 dataclasses
import time:      1816 |       3890 |               pprint
import time:      2184 |       2184 |               django.utils.timesince
import time:      2244 |       8317 |             django.template.defaultfilters
import time:       457 |        457 |               django.views.decorators
import time:       566 |       1023 |             django.views.decorators.debug
import time:       412 |        412 |               django.utils.lorem_ipsum
import time:       717 |        717 |               django.template.smartif
import time:      2097 |       3224 |             django.template.defaulttags
import time:      4355 |      16918 |           django.views.debug
import time:       589 |      27830 |         django.core.handlers.exception
import time:       685 |     303788 |       django.core.handlers.base
import time:      1513 |     445508 |     django.core.handlers.wsgi
import time:      1065 |     518571 |   django.core.wsgi
import time:      4253 |       4253 |       dotenv.parser
import time:      1318 |       1318 |       dotenv.variables
import time:      3874 |       9444 |     dotenv.main
import time:       497 |       9941 |   dotenv
import time:      1068 |       1068 |   dj_database_url
import time:       414 |        414 |   django.contrib.admin.decorators
import time:      1114 |       1114 |     django.contrib.admin.exceptions
import time:       222 |        222 |           django.contrib.messages.constants
import time:       443 |        443 |           django.contrib.messages.storage
import time:       568 |       1232 |         django.contrib.messages.api
import time:       356 |        356 |           django.contrib.messages.utils
import time:      1226 |       1581 |         django.contrib.messages.storage.base
import time:       448 |       3260 |       django.contrib.messages
import time:      1346 |       1346 |         django.contrib.admin.utils
import time:      2071 |       3417 |       django.contrib.admin.helpers
import time:      2884 |       2884 |       django.contrib.admin.widgets
import time:      1702 |       1702 |       django.contrib.admin.checks
import time:       554 |        554 |         django.contrib.admin.templatetags
import time:      1174 |       1728 |       django.contrib.admin.templatetags.admin_urls
import time:       402 |        402 |           django.middleware
import time:       777 |        777 |           django.utils.cache
import time:      1715 |       2892 |         django.middleware.csrf
import time:       618 |        618 |         django.contrib.auth.signals
import time:      1200 |       4709 |       django.contrib.auth
import time:       590 |        590 |       django.views.decorators.csrf
import time:      3916 |      22204 |     django.contrib.admin.options
import time:      1759 |      25075 |   django.contrib.admin.filters
import time:       988 |        988 |     django.contrib.admin.actions
import time:       434 |        434 |       django.contrib.admin.views
import time:       816 |       1250 |     django.contrib.admin.views.autocomplete
import time:       479 |        479 |       django.shortcuts
import time:       559 |       1038 |     django.contrib.auth.decorators
import time:       697 |        697 |       django.middleware.cache
import time:       472 |       1169 |     django.views.decorators.cache
import time:       365 |        365 |     django.views.decorators.common
import time:       777 |        777 |     django.views.i18n
import time:      1835 |       7419 |   django.contrib.admin.sites
import time:       554 |        554 |       getpass
import time:       403 |        403 |         django.contrib.contenttypes
import time:      1242 |       1242 |             django.db.migrations.utils
import time:       852 |        852 |             django.db.migrations.exceptions
import time:       863 |       2956 |           django.db.migrations.migration
import time:      1020 |       1020 |               django.db.migrations.operations.base
import time:      1135 |       2154 |             django.db.migrations.operations.fields
import time:      1686 |       1686 |               django.db.migrations.state
import time:      2439 |       4124 |             django.db.migrations.operations.models
import time:       739 |        739 |             django.db.migrations.operations.special
import time:       657 |       7673 |           django.db.migrations.operations
import time:       449 |      11078 |         django.db.migrations
import time:       890 |      12370 |       django.contrib.contenttypes.management
import time:       657 |      13580 |     django.contrib.auth.management
import time:       583 |      14163 |   django.contrib.auth.checks
import time:       380 |        380 |   django.contrib.contenttypes.checks
import time:       387 |        387 |       django.contrib.staticfiles.utils
import time:      1319 |       1706 |     django.contrib.staticfiles.finders
import time:       457 |       2163 |   django.contrib.staticfiles.checks
import time:      2355 |       2355 |   django.contrib.contenttypes.models
import time:      1031 |       1031 |     django.contrib.auth.password_validation
import time:      3788 |       3788 |     django.contrib.auth.hashers
import time:       435 |        435 |       django.db.backends.base.validation
import time:       354 |        354 |       django.db.backends.signals
import time:       373 |        373 |       django.utils.asyncio
import time:      1692 |       2852 |     django.db.backends.base.base
import time:       509 |        509 |         __future__
import time:      5317 |       5317 |           psycopg.pq._enums
import time:      4662 |       4662 |             typing_extensions
import time:       602 |       5263 |           psycopg._compat
import time:      1983 |      12562 |         psycopg.pq.abc
import time:      1454 |       1454 |               _ctypes
import time:       929 |        929 |               ctypes._endian
import time:      2588 |       4971 |             ctypes
import time:       716 |       5686 |           ctypes.util
import time:      8660 |      14345 |         psycopg.pq.misc
import time:       343 |        343 |         psycopg_c
import time:       239 |        239 |         psycopg_binary
import time:     16342 |      16342 |             psycopg.errors
import time:     51290 |      67631 |           psycopg.pq._pq_ctypes
import time:      1169 |       1169 |           psycopg._encodings
import time:      2900 |      71699 |         psycopg.pq.pq_ctypes
import time:      1270 |     100965 |       psycopg.pq
import time:       397 |        397 |         psycopg._oids
import time:      1795 |       1795 |           psycopg._enums
import time:      2725 |       4520 |         psycopg.abc
import time:       394 |        394 |                   psycopg._cmodule
import time:      1557 |       1557 |                     psycopg.rows
import time:       930 |       2486 |                   psycopg._py_transformer
import time:      1154 |       4034 |                 psycopg._transformer
import time:      1134 |       5167 |               psycopg.sql
import time:       640 |        640 |               psycopg._typemod
import time:      1356 |       7162 |             psycopg._typeinfo
import time:       947 |       8108 |           psycopg.types
import time:       648 |        648 |             psycopg._adapters_map
import time:       970 |       1617 |           psycopg.adapt
import time:      2791 |      12516 |         psycopg.types.string
import time:      1167 |      18598 |       psycopg.dbapi20
import time:       688 |        688 |       psycopg.postgres
import time:      3976 |       3976 |       psycopg._tpc
import time:       675 |        675 |           psycopg._acompat
import time:       711 |        711 |               psycopg.waiting
import time:       751 |       1462 |             psycopg.generators
import time:      1633 |       3095 |           psycopg._copy_base
import time:      3665 |       7434 |         psycopg._copy
import time:      1224 |       1224 |         psycopg._copy_async
import time:      1129 |       9786 |       psycopg.copy
import time:       558 |        558 |           psycopg._capabilities
import time:      1058 |       1616 |         psycopg._pipeline
import time:       761 |        761 |           psycopg._column
import time:      3114 |       3114 |           psycopg._queries
import time:      1699 |       1699 |           psycopg._preparing
import time:      1789 |       7362 |         psycopg._cursor_base
import time:      1293 |      10270 |       psycopg.cursor
import time:       202 |        202 |             _csv
import time:      1138 |       1340 |           csv
import time:       460 |        460 |               zipfile._path.glob
import time:      1212 |       1671 |             zipfile._path
import time:      3173 |       4843 |           zipfile
import time:       372 |        372 |               importlib.metadata._functools
import time:       477 |        848 |             importlib.metadata._text
import time:       845 |       1693 |           importlib.metadata._adapters
import time:      1685 |       1685 |           importlib.metadata._meta
import time:       954 |        954 |           importlib.metadata._collections
import time:       618 |        618 |           importlib.metadata._itertools
import time:      1165 |       1165 |                 importlib.resources.abc
import time:      1046 |       1046 |                 importlib.resources._adapters
import time:      1282 |       3491 |               importlib.resources._common
import time:      1033 |       1033 |               importlib.resources._legacy
import time:       579 |       5102 |             importlib.resources
import time:      1442 |       6543 |           importlib.abc
import time:      3970 |      21642 |         importlib.metadata
import time:      5130 |      26771 |       psycopg.version
import time:      1759 |       1759 |             psycopg._conninfo_utils
import time:       519 |       2277 |           psycopg._conninfo_attempts
import time:       461 |        461 |           psycopg._conninfo_attempts_async
import time:      1005 |       3742 |         psycopg.conninfo
import time:      1364 |       1364 |         psycopg.transaction
import time:      1002 |       1002 |           psycopg.cursor_async
import time:      1823 |       2824 |         psycopg.server_cursor
import time:       374 |        374 |             psycopg._tz
import time:       655 |       1028 |           psycopg._connection_info
import time:      2316 |       3344 |         psycopg._connection_base
import time:      1451 |      12723 |       psycopg.connection
import time:      1089 |       1089 |       psycopg.raw_cursor
import time:       868 |        868 |       psycopg.client_cursor
import time:      1541 |       1541 |       psycopg.connection_async
import time:      1127 |       1127 |         psycopg._struct
import time:      8273 |       9399 |       psycopg.types.range
import time:      5485 |       5485 |       psycopg.types.multirange
import time:      2377 |       2377 |       psycopg.types.array
import time:       944 |        944 |       psycopg.types.bool
import time:      3108 |       3108 |       psycopg.types.composite
import time:      9675 |       9675 |       psycopg.types.datetime
import time:      2554 |       2554 |       psycopg.types.enum
import time:      2130 |       2130 |       psycopg.types.json
import time:      2048 |       2048 |       psycopg.types.net
import time:       512 |        512 |       psycopg.types.none
import time:       718 |        718 |         psycopg._wrappers
import time:      4477 |       5195 |       psycopg.types.numeric
import time:      1306 |       1306 |       psycopg.types.numpy
import time:       920 |        920 |       psycopg.types.uuid
import time:     66160 |     299075 |     psycopg
import time:       697 |        697 |     django.db.backends.postgresql.psycopg_any
import time:       273 |        273 |       django.db.backends.base.client
import time:       432 |        705 |     django.db.backends.postgresql.client
import time:       597 |        597 |       django.db.backends.base.creation
import time:       460 |       1056 |     django.db.backends.postgresql.creation
import time:       679 |        679 |       django.db.backends.base.features
import time:       578 |       1257 |     django.db.backends.postgresql.features
import time:      1243 |       1243 |       django.db.backends.base.introspection
import time:      1274 |       2517 |     django.db.backends.postgresql.introspection
import time:       940 |        940 |     django.db.backends.postgresql.operations
import time:       865 |        865 |         django.db.backends.ddl_references
import time:      2047 |       2911 |       django.db.backends.base.schema
import time:       750 |       3661 |     django.db.backends.postgresql.schema
import time:      4825 |     322399 |   django.contrib.auth.base_user
import time:       618 |        618 |   django.contrib.auth.validators
import time:       407 |        407 |   django.utils.translation.reloader
import time:      1015 |       1015 |   django.contrib.sessions.base_session
import time:      5451 |       5451 |   accounts.models
import time:       874 |        874 |     django.contrib.auth.tokens
import time:       381 |        381 |       django.contrib.sites
import time:       389 |        389 |       django.contrib.sites.requests
import time:       589 |       1358 |     django.contrib.sites.shortcuts
import time:      5831 |       8061 |   django.contrib.auth.forms
import time:      1294 |       1294 |   django.contrib.contenttypes.fields
import time:       502 |        502 |   django.contrib.contenttypes.forms
import time:       476 |        476 |   shipment.signals
import time:       647 |        647 |   django.contrib.auth.backends
import time:      2154 |       2154 |   django.contrib.auth.views
import time:       288 |        288 |     django.contrib.sessions.backends
import time:       927 |       1215 |   django.contrib.sessions.backends.base
import time:       364 |        364 |   django.contrib.sessions.exceptions
import time:       243 |        243 |       wsgiref
import time:       520 |        762 |     wsgiref.headers
import time:       386 |        386 |     wsgiref.util
import time:       371 |        371 |     whitenoise.media_types
import time:       852 |        852 |     whitenoise.responders
import time:       281 |        281 |     whitenoise.string_utils
import time:       751 |       3400 |   whitenoise.base
import time:       699 |        699 |   django.contrib.staticfiles.storage
import time:     82198 |    1013211 | Inventory_Management_System.wsgi
import time:       160 |        160 | gc
